# JRE version: OpenJDK Runtime Environment Temurin-21.0.2+13 (21.0.2+13) (build 21.0.2+13-LTS)
# Java VM: OpenJDK 64-Bit Server VM Temurin-21.0.2+13 (21.0.2+13-LTS, mixed mode, sharing, tiered, compressed oops, compressed class ptrs, g1 gc, windows-amd64)
GC Precious Log:
 CardTable entry size: 512
 Card Set container configuration: InlinePtr #cards 5 size 8 Array Of Cards #cards 12 size 40 Howl #buckets 4 coarsen threshold 1843 Howl Bitmap #cards 512 size 80 coarsen threshold 460 Card regions per heap region 1 cards per card region 2048
 CPUs: 4 total, 4 available
 Memory: 8071M
 Large Page Support: Disabled
 NUMA Support: Disabled
 Compressed Oops: Enabled (32-bit)
 Heap Region Size: 1M
 Heap Min Capacity: 8M
 Heap Initial Capacity: 128M
 Heap Max Capacity: 2018M
 Pre-touch: Disabled
 Parallel Workers: 4
 Concurrent Workers: 1
 Concurrent Refinement Workers: 4
 Periodic GC: Disabled
Heap:
 garbage-first heap   total 70656K, used 37200K [0x0000000081e00000, 0x0000000100000000)
  region size 1024K, 6 young (6144K), 4 survivors (4096K)
 Metaspace       used 70733K, committed 71552K, reserved 1114112K
  class space    used 9492K, committed 9856K, reserved 1048576K
GC Heap History (20 events):
Event: 6.741 GC heap before
{Heap before GC invocations=6 (full 0):
 garbage-first heap   total 58368K, used 45906K [0x0000000081e00000, 0x0000000100000000)
  region size 1024K, 30 young (30720K), 3 survivors (3072K)
 Metaspace       used 30038K, committed 30528K, reserved 1114112K
  class space    used 3742K, committed 3968K, reserved 1048576K
}
Event: 6.757 GC heap after
{Heap after GC invocations=7 (full 0):
 garbage-first heap   total 58368K, used 20600K [0x0000000081e00000, 0x0000000100000000)
  region size 1024K, 3 young (3072K), 3 survivors (3072K)
 Metaspace       used 30038K, committed 30528K, reserved 1114112K
  class space    used 3742K, committed 3968K, reserved 1048576K
}
Event: 7.767 GC heap before
{Heap before GC invocations=7 (full 0):
 garbage-first heap   total 58368K, used 46200K [0x0000000081e00000, 0x0000000100000000)
  region size 1024K, 29 young (29696K), 3 survivors (3072K)
 Metaspace       used 34233K, committed 34816K, reserved 1114112K
  class space    used 4286K, committed 4544K, reserved 1048576K
}
Event: 7.783 GC heap after
{Heap after GC invocations=8 (full 0):
 garbage-first heap   total 58368K, used 22649K [0x0000000081e00000, 0x0000000100000000)
  region size 1024K, 3 young (3072K), 3 survivors (3072K)
 Metaspace       used 34233K, committed 34816K, reserved 1114112K
  class space    used 4286K, committed 4544K, reserved 1048576K
}
Event: 8.244 GC heap before
{Heap before GC invocations=8 (full 0):
 garbage-first heap   total 58368K, used 28793K [0x0000000081e00000, 0x0000000100000000)
  region size 1024K, 11 young (11264K), 3 survivors (3072K)
 Metaspace       used 35587K, committed 36096K, reserved 1114112K
  class space    used 4439K, committed 4672K, reserved 1048576K
}
Event: 8.253 GC heap after
{Heap after GC invocations=9 (full 0):
 garbage-first heap   total 70656K, used 23191K [0x0000000081e00000, 0x0000000100000000)
  region size 1024K, 1 young (1024K), 1 survivors (1024K)
 Metaspace       used 35587K, committed 36096K, reserved 1114112K
  class space    used 4439K, committed 4672K, reserved 1048576K
}
Event: 10.167 GC heap before
{Heap before GC invocations=10 (full 0):
 garbage-first heap   total 70656K, used 59031K [0x0000000081e00000, 0x0000000100000000)
  region size 1024K, 36 young (36864K), 1 survivors (1024K)
 Metaspace       used 46045K, committed 46592K, reserved 1114112K
  class space    used 6011K, committed 6272K, reserved 1048576K
}
Event: 10.177 GC heap after
{Heap after GC invocations=11 (full 0):
 garbage-first heap   total 70656K, used 25325K [0x0000000081e00000, 0x0000000100000000)
  region size 1024K, 3 young (3072K), 3 survivors (3072K)
 Metaspace       used 46045K, committed 46592K, reserved 1114112K
  class space    used 6011K, committed 6272K, reserved 1048576K
}
Event: 12.104 GC heap before
{Heap before GC invocations=11 (full 0):
 garbage-first heap   total 70656K, used 60141K [0x0000000081e00000, 0x0000000100000000)
  region size 1024K, 38 young (38912K), 3 survivors (3072K)
 Metaspace       used 55548K, committed 56128K, reserved 1114112K
  class space    used 7388K, committed 7680K, reserved 1048576K
}
Event: 12.120 GC heap after
{Heap after GC invocations=12 (full 0):
 garbage-first heap   total 70656K, used 27455K [0x0000000081e00000, 0x0000000100000000)
  region size 1024K, 5 young (5120K), 5 survivors (5120K)
 Metaspace       used 55548K, committed 56128K, reserved 1114112K
  class space    used 7388K, committed 7680K, reserved 1048576K
}
Event: 13.102 GC heap before
{Heap before GC invocations=12 (full 0):
 garbage-first heap   total 70656K, used 58175K [0x0000000081e00000, 0x0000000100000000)
  region size 1024K, 36 young (36864K), 5 survivors (5120K)
 Metaspace       used 59776K, committed 60416K, reserved 1114112K
  class space    used 7982K, committed 8256K, reserved 1048576K
}
Event: 13.112 GC heap after
{Heap after GC invocations=13 (full 0):
 garbage-first heap   total 70656K, used 28273K [0x0000000081e00000, 0x0000000100000000)
  region size 1024K, 4 young (4096K), 4 survivors (4096K)
 Metaspace       used 59776K, committed 60416K, reserved 1114112K
  class space    used 7982K, committed 8256K, reserved 1048576K
}
Event: 14.472 GC heap before
{Heap before GC invocations=14 (full 0):
 garbage-first heap   total 70656K, used 61041K [0x0000000081e00000, 0x0000000100000000)
  region size 1024K, 36 young (36864K), 4 survivors (4096K)
 Metaspace       used 65573K, committed 66240K, reserved 1114112K
  class space    used 8820K, committed 9088K, reserved 1048576K
}
Event: 14.486 GC heap after
{Heap after GC invocations=15 (full 0):
 garbage-first heap   total 70656K, used 31068K [0x0000000081e00000, 0x0000000100000000)
  region size 1024K, 4 young (4096K), 4 survivors (4096K)
 Metaspace       used 65573K, committed 66240K, reserved 1114112K
  class space    used 8820K, committed 9088K, reserved 1048576K
}
Event: 15.136 GC heap before
{Heap before GC invocations=15 (full 0):
 garbage-first heap   total 70656K, used 61788K [0x0000000081e00000, 0x0000000100000000)
  region size 1024K, 34 young (34816K), 4 survivors (4096K)
 Metaspace       used 66919K, committed 67712K, reserved 1114112K
  class space    used 8969K, committed 9344K, reserved 1048576K
}
Event: 15.147 GC heap after
{Heap after GC invocations=16 (full 0):
 garbage-first heap   total 70656K, used 32320K [0x0000000081e00000, 0x0000000100000000)
  region size 1024K, 5 young (5120K), 5 survivors (5120K)
 Metaspace       used 66919K, committed 67712K, reserved 1114112K
  class space    used 8969K, committed 9344K, reserved 1048576K
}
Event: 15.762 GC heap before
{Heap before GC invocations=16 (full 0):
 garbage-first heap   total 70656K, used 59968K [0x0000000081e00000, 0x0000000100000000)
  region size 1024K, 32 young (32768K), 5 survivors (5120K)
 Metaspace       used 69050K, committed 69760K, reserved 1114112K
  class space    used 9265K, committed 9600K, reserved 1048576K
}
Event: 15.775 GC heap after
{Heap after GC invocations=17 (full 0):
 garbage-first heap   total 70656K, used 34412K [0x0000000081e00000, 0x0000000100000000)
  region size 1024K, 4 young (4096K), 4 survivors (4096K)
 Metaspace       used 69050K, committed 69760K, reserved 1114112K
  class space    used 9265K, committed 9600K, reserved 1048576K
}
Event: 16.685 GC heap before
{Heap before GC invocations=17 (full 0):
 garbage-first heap   total 70656K, used 62060K [0x0000000081e00000, 0x0000000100000000)
  region size 1024K, 31 young (31744K), 4 survivors (4096K)
 Metaspace       used 70697K, committed 71488K, reserved 1114112K
  class space    used 9485K, committed 9856K, reserved 1048576K
}
Event: 16.695 GC heap after
{Heap after GC invocations=18 (full 0):
 garbage-first heap   total 70656K, used 36176K [0x0000000081e00000, 0x0000000100000000)
  region size 1024K, 4 young (4096K), 4 survivors (4096K)
 Metaspace       used 70697K, committed 71488K, reserved 1114112K
  class space    used 9485K, committed 9856K, reserved 1048576K
}

