# JRE version: OpenJDK Runtime Environment Temurin-17.0.13+11 (17.0.13+11) (build 17.0.13+11)
# Java VM: OpenJDK 64-Bit Server VM Temurin-17.0.13+11 (17.0.13+11, mixed mode, tiered, compressed oops, compressed class ptrs, parallel gc, windows-amd64)
GC Precious Log:
 CPUs: 4 total, 4 available
 Memory: 8071M
 Large Page Support: Disabled
 NUMA Support: Disabled
 Compressed Oops: Enabled (32-bit)
 Alignments: Space 512K, Generation 512K, Heap 2M
 Heap Min Capacity: 100M
 Heap Initial Capacity: 100M
 Heap Max Capacity: 1G
 Pre-touch: Disabled
 Parallel Workers: 4
Heap:
 PSYoungGen      total 3584K, used 3571K [0x00000000eab00000, 0x00000000eb680000, 0x0000000100000000)
  eden space 2560K, 99% used [0x00000000eab00000,0x00000000ead7f750,0x00000000ead80000)
  from space 1024K, 98% used [0x00000000eb180000,0x00000000eb27d608,0x00000000eb280000)
  to   space 4096K, 0% used [0x00000000ead80000,0x00000000ead80000,0x00000000eb180000)
 ParOldGen       total 149504K, used 147310K [0x00000000c0000000, 0x00000000c9200000, 0x00000000eab00000)
  object space 149504K, 98% used [0x00000000c0000000,0x00000000c8fdb9d0,0x00000000c9200000)
 Metaspace       used 101416K, committed 102848K, reserved 1179648K
  class space    used 9995K, committed 10688K, reserved 1048576K
GC Heap History (20 events):
Event: 5717.987 GC heap after
{Heap after GC invocations=4753 (full 90):
 PSYoungGen      total 7168K, used 672K [0x00000000eab00000, 0x00000000eb500000, 0x0000000100000000)
  eden space 6144K, 0% used [0x00000000eab00000,0x00000000eab00000,0x00000000eb100000)
  from space 1024K, 65% used [0x00000000eb280000,0x00000000eb328020,0x00000000eb380000)
  to   space 1024K, 0% used [0x00000000eb400000,0x00000000eb400000,0x00000000eb500000)
 ParOldGen       total 149504K, used 138043K [0x00000000c0000000, 0x00000000c9200000, 0x00000000eab00000)
  object space 149504K, 92% used [0x00000000c0000000,0x00000000c86cee80,0x00000000c9200000)
 Metaspace       used 101414K, committed 102848K, reserved 1179648K
  class space    used 9995K, committed 10688K, reserved 1048576K
}
Event: 5718.000 GC heap before
{Heap before GC invocations=4754 (full 90):
 PSYoungGen      total 7168K, used 6816K [0x00000000eab00000, 0x00000000eb500000, 0x0000000100000000)
  eden space 6144K, 100% used [0x00000000eab00000,0x00000000eb100000,0x00000000eb100000)
  from space 1024K, 65% used [0x00000000eb280000,0x00000000eb328020,0x00000000eb380000)
  to   space 1024K, 0% used [0x00000000eb400000,0x00000000eb400000,0x00000000eb500000)
 ParOldGen       total 149504K, used 138043K [0x00000000c0000000, 0x00000000c9200000, 0x00000000eab00000)
  object space 149504K, 92% used [0x00000000c0000000,0x00000000c86cee80,0x00000000c9200000)
 Metaspace       used 101414K, committed 102848K, reserved 1179648K
  class space    used 9995K, committed 10688K, reserved 1048576K
}
Event: 5718.003 GC heap after
{Heap after GC invocations=4754 (full 90):
 PSYoungGen      total 4608K, used 1009K [0x00000000eab00000, 0x00000000ebc00000, 0x0000000100000000)
  eden space 3584K, 0% used [0x00000000eab00000,0x00000000eab00000,0x00000000eae80000)
  from space 1024K, 98% used [0x00000000eb400000,0x00000000eb4fc6b0,0x00000000eb500000)
  to   space 5632K, 0% used [0x00000000eae80000,0x00000000eae80000,0x00000000eb400000)
 ParOldGen       total 149504K, used 141527K [0x00000000c0000000, 0x00000000c9200000, 0x00000000eab00000)
  object space 149504K, 94% used [0x00000000c0000000,0x00000000c8a35ef0,0x00000000c9200000)
 Metaspace       used 101414K, committed 102848K, reserved 1179648K
  class space    used 9995K, committed 10688K, reserved 1048576K
}
Event: 5718.020 GC heap before
{Heap before GC invocations=4755 (full 90):
 PSYoungGen      total 4608K, used 4593K [0x00000000eab00000, 0x00000000ebc00000, 0x0000000100000000)
  eden space 3584K, 100% used [0x00000000eab00000,0x00000000eae80000,0x00000000eae80000)
  from space 1024K, 98% used [0x00000000eb400000,0x00000000eb4fc6b0,0x00000000eb500000)
  to   space 5632K, 0% used [0x00000000eae80000,0x00000000eae80000,0x00000000eb400000)
 ParOldGen       total 149504K, used 141527K [0x00000000c0000000, 0x00000000c9200000, 0x00000000eab00000)
  object space 149504K, 94% used [0x00000000c0000000,0x00000000c8a35ef0,0x00000000c9200000)
 Metaspace       used 101414K, committed 102848K, reserved 1179648K
  class space    used 9995K, committed 10688K, reserved 1048576K
}
Event: 5718.021 GC heap after
{Heap after GC invocations=4755 (full 90):
 PSYoungGen      total 5120K, used 1073K [0x00000000eab00000, 0x00000000eb480000, 0x0000000100000000)
  eden space 3584K, 0% used [0x00000000eab00000,0x00000000eab00000,0x00000000eae80000)
  from space 1536K, 69% used [0x00000000eae80000,0x00000000eaf8c6b0,0x00000000eb000000)
  to   space 2560K, 0% used [0x00000000eb200000,0x00000000eb200000,0x00000000eb480000)
 ParOldGen       total 149504K, used 142409K [0x00000000c0000000, 0x00000000c9200000, 0x00000000eab00000)
  object space 149504K, 95% used [0x00000000c0000000,0x00000000c8b125a0,0x00000000c9200000)
 Metaspace       used 101414K, committed 102848K, reserved 1179648K
  class space    used 9995K, committed 10688K, reserved 1048576K
}
Event: 5727.064 GC heap before
{Heap before GC invocations=4756 (full 90):
 PSYoungGen      total 5120K, used 4657K [0x00000000eab00000, 0x00000000eb480000, 0x0000000100000000)
  eden space 3584K, 100% used [0x00000000eab00000,0x00000000eae80000,0x00000000eae80000)
  from space 1536K, 69% used [0x00000000eae80000,0x00000000eaf8c6b0,0x00000000eb000000)
  to   space 2560K, 0% used [0x00000000eb200000,0x00000000eb200000,0x00000000eb480000)
 ParOldGen       total 149504K, used 142409K [0x00000000c0000000, 0x00000000c9200000, 0x00000000eab00000)
  object space 149504K, 95% used [0x00000000c0000000,0x00000000c8b125a0,0x00000000c9200000)
 Metaspace       used 101414K, committed 102848K, reserved 1179648K
  class space    used 9995K, committed 10688K, reserved 1048576K
}
Event: 5727.067 GC heap after
{Heap after GC invocations=4756 (full 90):
 PSYoungGen      total 4096K, used 192K [0x00000000eab00000, 0x00000000eb280000, 0x0000000100000000)
  eden space 3584K, 0% used [0x00000000eab00000,0x00000000eab00000,0x00000000eae80000)
  from space 512K, 37% used [0x00000000eb200000,0x00000000eb230020,0x00000000eb280000)
  to   space 1024K, 0% used [0x00000000eb080000,0x00000000eb080000,0x00000000eb180000)
 ParOldGen       total 149504K, used 142481K [0x00000000c0000000, 0x00000000c9200000, 0x00000000eab00000)
  object space 149504K, 95% used [0x00000000c0000000,0x00000000c8b245a0,0x00000000c9200000)
 Metaspace       used 101414K, committed 102848K, reserved 1179648K
  class space    used 9995K, committed 10688K, reserved 1048576K
}
Event: 5727.080 GC heap before
{Heap before GC invocations=4757 (full 90):
 PSYoungGen      total 4096K, used 3776K [0x00000000eab00000, 0x00000000eb280000, 0x0000000100000000)
  eden space 3584K, 100% used [0x00000000eab00000,0x00000000eae80000,0x00000000eae80000)
  from space 512K, 37% used [0x00000000eb200000,0x00000000eb230020,0x00000000eb280000)
  to   space 1024K, 0% used [0x00000000eb080000,0x00000000eb080000,0x00000000eb180000)
 ParOldGen       total 149504K, used 142481K [0x00000000c0000000, 0x00000000c9200000, 0x00000000eab00000)
  object space 149504K, 95% used [0x00000000c0000000,0x00000000c8b245a0,0x00000000c9200000)
 Metaspace       used 101414K, committed 102848K, reserved 1179648K
  class space    used 9995K, committed 10688K, reserved 1048576K
}
Event: 5727.083 GC heap after
{Heap after GC invocations=4757 (full 90):
 PSYoungGen      total 4608K, used 560K [0x00000000eab00000, 0x00000000eb280000, 0x0000000100000000)
  eden space 3584K, 0% used [0x00000000eab00000,0x00000000eab00000,0x00000000eae80000)
  from space 1024K, 54% used [0x00000000eb080000,0x00000000eb10c010,0x00000000eb180000)
  to   space 1024K, 0% used [0x00000000eb180000,0x00000000eb180000,0x00000000eb280000)
 ParOldGen       total 149504K, used 142629K [0x00000000c0000000, 0x00000000c9200000, 0x00000000eab00000)
  object space 149504K, 95% used [0x00000000c0000000,0x00000000c8b497c0,0x00000000c9200000)
 Metaspace       used 101414K, committed 102848K, reserved 1179648K
  class space    used 9995K, committed 10688K, reserved 1048576K
}
Event: 5727.097 GC heap before
{Heap before GC invocations=4758 (full 90):
 PSYoungGen      total 4608K, used 4144K [0x00000000eab00000, 0x00000000eb280000, 0x0000000100000000)
  eden space 3584K, 100% used [0x00000000eab00000,0x00000000eae80000,0x00000000eae80000)
  from space 1024K, 54% used [0x00000000eb080000,0x00000000eb10c010,0x00000000eb180000)
  to   space 1024K, 0% used [0x00000000eb180000,0x00000000eb180000,0x00000000eb280000)
 ParOldGen       total 149504K, used 142629K [0x00000000c0000000, 0x00000000c9200000, 0x00000000eab00000)
  object space 149504K, 95% used [0x00000000c0000000,0x00000000c8b497c0,0x00000000c9200000)
 Metaspace       used 101414K, committed 102848K, reserved 1179648K
  class space    used 9995K, committed 10688K, reserved 1048576K
}
Event: 5727.101 GC heap after
{Heap after GC invocations=4758 (full 90):
 PSYoungGen      total 4096K, used 416K [0x00000000eab00000, 0x00000000eb200000, 0x0000000100000000)
  eden space 3584K, 0% used [0x00000000eab00000,0x00000000eab00000,0x00000000eae80000)
  from space 512K, 81% used [0x00000000eb180000,0x00000000eb1e8000,0x00000000eb200000)
  to   space 512K, 0% used [0x00000000eb100000,0x00000000eb100000,0x00000000eb180000)
 ParOldGen       total 149504K, used 143122K [0x00000000c0000000, 0x00000000c9200000, 0x00000000eab00000)
  object space 149504K, 95% used [0x00000000c0000000,0x00000000c8bc4860,0x00000000c9200000)
 Metaspace       used 101414K, committed 102848K, reserved 1179648K
  class space    used 9995K, committed 10688K, reserved 1048576K
}
Event: 5727.110 GC heap before
{Heap before GC invocations=4759 (full 90):
 PSYoungGen      total 4096K, used 4000K [0x00000000eab00000, 0x00000000eb200000, 0x0000000100000000)
  eden space 3584K, 100% used [0x00000000eab00000,0x00000000eae80000,0x00000000eae80000)
  from space 512K, 81% used [0x00000000eb180000,0x00000000eb1e8000,0x00000000eb200000)
  to   space 512K, 0% used [0x00000000eb100000,0x00000000eb100000,0x00000000eb180000)
 ParOldGen       total 149504K, used 143122K [0x00000000c0000000, 0x00000000c9200000, 0x00000000eab00000)
  object space 149504K, 95% used [0x00000000c0000000,0x00000000c8bc4860,0x00000000c9200000)
 Metaspace       used 101414K, committed 102848K, reserved 1179648K
  class space    used 9995K, committed 10688K, reserved 1048576K
}
Event: 5727.113 GC heap after
{Heap after GC invocations=4759 (full 90):
 PSYoungGen      total 4096K, used 464K [0x00000000eab00000, 0x00000000eb200000, 0x0000000100000000)
  eden space 3584K, 0% used [0x00000000eab00000,0x00000000eab00000,0x00000000eae80000)
  from space 512K, 90% used [0x00000000eb100000,0x00000000eb174010,0x00000000eb180000)
  to   space 512K, 0% used [0x00000000eb180000,0x00000000eb180000,0x00000000eb200000)
 ParOldGen       total 149504K, used 143458K [0x00000000c0000000, 0x00000000c9200000, 0x00000000eab00000)
  object space 149504K, 95% used [0x00000000c0000000,0x00000000c8c18880,0x00000000c9200000)
 Metaspace       used 101414K, committed 102848K, reserved 1179648K
  class space    used 9995K, committed 10688K, reserved 1048576K
}
Event: 5727.122 GC heap before
{Heap before GC invocations=4760 (full 90):
 PSYoungGen      total 4096K, used 4048K [0x00000000eab00000, 0x00000000eb200000, 0x0000000100000000)
  eden space 3584K, 100% used [0x00000000eab00000,0x00000000eae80000,0x00000000eae80000)
  from space 512K, 90% used [0x00000000eb100000,0x00000000eb174010,0x00000000eb180000)
  to   space 512K, 0% used [0x00000000eb180000,0x00000000eb180000,0x00000000eb200000)
 ParOldGen       total 149504K, used 143458K [0x00000000c0000000, 0x00000000c9200000, 0x00000000eab00000)
  object space 149504K, 95% used [0x00000000c0000000,0x00000000c8c18880,0x00000000c9200000)
 Metaspace       used 101414K, committed 102848K, reserved 1179648K
  class space    used 9995K, committed 10688K, reserved 1048576K
}
Event: 5727.124 GC heap after
{Heap after GC invocations=4760 (full 90):
 PSYoungGen      total 4096K, used 448K [0x00000000eab00000, 0x00000000eb200000, 0x0000000100000000)
  eden space 3584K, 0% used [0x00000000eab00000,0x00000000eab00000,0x00000000eae80000)
  from space 512K, 87% used [0x00000000eb180000,0x00000000eb1f0000,0x00000000eb200000)
  to   space 512K, 0% used [0x00000000eb100000,0x00000000eb100000,0x00000000eb180000)
 ParOldGen       total 149504K, used 143846K [0x00000000c0000000, 0x00000000c9200000, 0x00000000eab00000)
  object space 149504K, 96% used [0x00000000c0000000,0x00000000c8c798d0,0x00000000c9200000)
 Metaspace       used 101414K, committed 102848K, reserved 1179648K
  class space    used 9995K, committed 10688K, reserved 1048576K
}
Event: 5727.138 GC heap before
{Heap before GC invocations=4761 (full 90):
 PSYoungGen      total 4096K, used 3523K [0x00000000eab00000, 0x00000000eb200000, 0x0000000100000000)
  eden space 3584K, 85% used [0x00000000eab00000,0x00000000eae00fc0,0x00000000eae80000)
  from space 512K, 87% used [0x00000000eb180000,0x00000000eb1f0000,0x00000000eb200000)
  to   space 512K, 0% used [0x00000000eb100000,0x00000000eb100000,0x00000000eb180000)
 ParOldGen       total 149504K, used 143846K [0x00000000c0000000, 0x00000000c9200000, 0x00000000eab00000)
  object space 149504K, 96% used [0x00000000c0000000,0x00000000c8c798d0,0x00000000c9200000)
 Metaspace       used 101416K, committed 102848K, reserved 1179648K
  class space    used 9995K, committed 10688K, reserved 1048576K
}
Event: 5727.140 GC heap after
{Heap after GC invocations=4761 (full 90):
 PSYoungGen      total 4096K, used 495K [0x00000000eab00000, 0x00000000eb280000, 0x0000000100000000)
  eden space 3584K, 0% used [0x00000000eab00000,0x00000000eab00000,0x00000000eae80000)
  from space 512K, 96% used [0x00000000eb100000,0x00000000eb17bd80,0x00000000eb180000)
  to   space 1024K, 0% used [0x00000000eb180000,0x00000000eb180000,0x00000000eb280000)
 ParOldGen       total 149504K, used 144870K [0x00000000c0000000, 0x00000000c9200000, 0x00000000eab00000)
  object space 149504K, 96% used [0x00000000c0000000,0x00000000c8d79b30,0x00000000c9200000)
 Metaspace       used 101416K, committed 102848K, reserved 1179648K
  class space    used 9995K, committed 10688K, reserved 1048576K
}
Event: 5727.149 GC heap before
{Heap before GC invocations=4762 (full 90):
 PSYoungGen      total 4096K, used 4003K [0x00000000eab00000, 0x00000000eb280000, 0x0000000100000000)
  eden space 3584K, 97% used [0x00000000eab00000,0x00000000eae6cff8,0x00000000eae80000)
  from space 512K, 96% used [0x00000000eb100000,0x00000000eb17bd80,0x00000000eb180000)
  to   space 1024K, 0% used [0x00000000eb180000,0x00000000eb180000,0x00000000eb280000)
 ParOldGen       total 149504K, used 144870K [0x00000000c0000000, 0x00000000c9200000, 0x00000000eab00000)
  object space 149504K, 96% used [0x00000000c0000000,0x00000000c8d79b30,0x00000000c9200000)
 Metaspace       used 101416K, committed 102848K, reserved 1179648K
  class space    used 9995K, committed 10688K, reserved 1048576K
}
Event: 5727.151 GC heap after
{Heap after GC invocations=4762 (full 90):
 PSYoungGen      total 3584K, used 1013K [0x00000000eab00000, 0x00000000eb680000, 0x0000000100000000)
  eden space 2560K, 0% used [0x00000000eab00000,0x00000000eab00000,0x00000000ead80000)
  from space 1024K, 98% used [0x00000000eb180000,0x00000000eb27d608,0x00000000eb280000)
  to   space 4096K, 0% used [0x00000000ead80000,0x00000000ead80000,0x00000000eb180000)
 ParOldGen       total 149504K, used 147310K [0x00000000c0000000, 0x00000000c9200000, 0x00000000eab00000)
  object space 149504K, 98% used [0x00000000c0000000,0x00000000c8fdb9d0,0x00000000c9200000)
 Metaspace       used 101416K, committed 102848K, reserved 1179648K
  class space    used 9995K, committed 10688K, reserved 1048576K
}
Event: 5727.163 GC heap before
{Heap before GC invocations=4763 (full 91):
 PSYoungGen      total 3584K, used 3571K [0x00000000eab00000, 0x00000000eb680000, 0x0000000100000000)
  eden space 2560K, 99% used [0x00000000eab00000,0x00000000ead7f750,0x00000000ead80000)
  from space 1024K, 98% used [0x00000000eb180000,0x00000000eb27d608,0x00000000eb280000)
  to   space 4096K, 0% used [0x00000000ead80000,0x00000000ead80000,0x00000000eb180000)
 ParOldGen       total 149504K, used 147310K [0x00000000c0000000, 0x00000000c9200000, 0x00000000eab00000)
  object space 149504K, 98% used [0x00000000c0000000,0x00000000c8fdb9d0,0x00000000c9200000)
 Metaspace       used 101416K, committed 102848K, reserved 1179648K
  class space    used 9995K, committed 10688K, reserved 1048576K
}

